2025-09-14T04:09:19.8214921Z,Updating submodules.,94a93031-309f-4a24-bc98-bb84e668f5b1,0
2025-09-14T04:09:20.9928380Z,Preparing deployment for commit id '1f4b49a8-5'.,d05a3ee9-c7d2-4409-ac7a-cd988a7a0d57,0
2025-09-14T04:09:21.5513850Z,PreDeployment: context.CleanOutputPath False,2fd528fc-9f99-459f-ac6f-d0fc9349971d,0
2025-09-14T04:09:21.7252236Z,PreDeployment: context.OutputPath /home/site/wwwroot,1ffe5d14-f295-452b-be1f-915310526112,0
2025-09-14T04:09:21.9834558Z,Generating deployment script.,6f027549-24fb-4163-8103-a0e500c8e3fd,0
2025-09-14T04:09:22.1501247Z,Running deployment command...,346407f9-5e89-4d69-a52a-e2838447a9d7,0
	2025-09-14T04:09:22.1642784Z,Command: /opt/Kudu/Scripts/parallel_rsync.sh /tmp/zipdeploy/extracted /home/site/wwwroot 8 /tmp/ False True  ,,0
	2025-09-14T04:09:23.1386891Z,Run rsync from: /tmp/zipdeploy/extracted/ to: /home/site/wwwroot/ in 8 parallel threads,,0
	2025-09-14T04:09:23.3295107Z,Delete options: clean=False&comma; use manifest=True&comma; directory to ignore=,,0
	2025-09-14T04:09:23.3583753Z,Prev manifest = /opt/Kudu/Scripts/firstDeploymentManifest and next /home/site/deployments/1f4b49a8-5054-4cdb-b349-e721da25a7aa/manifest,,0
	2025-09-14T04:09:23.4914596Z,Cleaning up /tmp//filelist.txt and /tmp//splits,,0
	2025-09-14T04:09:23.6103171Z,Creating a list of all files at /tmp//filelist.txt,,0
	2025-09-14T04:09:23.6493364Z,No directory to exclude.,,0
	2025-09-14T04:09:23.7207858Z,Created /tmp//filelist.txt. Total number of files to be synced = 88.,,0
	2025-09-14T04:09:23.8217997Z,Created batches from the list of files. Processing 12 files in each thread,,0
	2025-09-14T04:09:23.9236440Z,Running rsync for filelist /tmp//splits/split.aa from /tmp/zipdeploy/extracted/ to /home/site/wwwroot/,,0
	2025-09-14T04:09:24.1641411Z,Running rsync for filelist /tmp//splits/split.ab from /tmp/zipdeploy/extracted/ to /home/site/wwwroot/,,0
	2025-09-14T04:09:24.4941832Z,Running rsync for filelist /tmp//splits/split.ac from /tmp/zipdeploy/extracted/ to /home/site/wwwroot/,,0
	2025-09-14T04:09:24.6755114Z,Running rsync for filelist /tmp//splits/split.ad from /tmp/zipdeploy/extracted/ to /home/site/wwwroot/,,0
	2025-09-14T04:09:24.7768833Z,Running rsync for filelist /tmp//splits/split.ae from /tmp/zipdeploy/extracted/ to /home/site/wwwroot/,,0
	2025-09-14T04:09:24.9361906Z,Running rsync for filelist /tmp//splits/split.af from /tmp/zipdeploy/extracted/ to /home/site/wwwroot/,,0
	2025-09-14T04:09:25.0881689Z,Running rsync for filelist /tmp//splits/split.ag from /tmp/zipdeploy/extracted/ to /home/site/wwwroot/,,0
	2025-09-14T04:09:25.1387226Z,Running rsync for filelist /tmp//splits/split.ah from /tmp/zipdeploy/extracted/ to /home/site/wwwroot/,,0
	2025-09-14T04:09:25.6748869Z,,,0
	2025-09-14T04:09:25.7635664Z,Number of files: 12 (reg: 12),,0
	2025-09-14T04:09:25.8014769Z,Number of created files: 12 (reg: 12),,0
	2025-09-14T04:09:25.8351968Z,Number of deleted files: 0,,0
	2025-09-14T04:09:25.9285599Z,Number of regular files transferred: 12,,0
	2025-09-14T04:09:26.0341371Z,Total file size: 921.55K bytes,,0
	2025-09-14T04:09:26.0809650Z,Total transferred file size: 921.55K bytes,,0
	2025-09-14T04:09:26.1011508Z,Literal data: 921.55K bytes,,0
	2025-09-14T04:09:26.1537664Z,Matched data: 0 bytes,,0
	2025-09-14T04:09:26.1846180Z,File list size: 0,,0
	2025-09-14T04:09:26.2543931Z,File list generation time: 0.001 seconds,,0
	2025-09-14T04:09:26.2842793Z,File list transfer time: 0.000 seconds,,0
	2025-09-14T04:09:26.3639683Z,Total bytes sent: 347.33K,,0
	2025-09-14T04:09:26.4553790Z,Total bytes received: 244,,0
	2025-09-14T04:09:26.6355852Z,,,0
	2025-09-14T04:09:26.7265683Z,sent 347.33K bytes  received 244 bytes  99.31K bytes/sec,,0
	2025-09-14T04:09:26.8370158Z,total size is 921.55K  speedup is 2.65,,0
	2025-09-14T04:09:26.8863944Z,Attempt 1: Rsync for filelist /tmp//splits/split.aa completed with exit code 0,,0
	2025-09-14T04:09:27.0168407Z,,,0
	2025-09-14T04:09:27.1605919Z,Number of files: 4 (reg: 4),,0
	2025-09-14T04:09:27.2688809Z,Number of created files: 4 (reg: 4),,0
	2025-09-14T04:09:27.4110060Z,Number of deleted files: 0,,0
	2025-09-14T04:09:27.5298433Z,Number of regular files transferred: 4,,0
	2025-09-14T04:09:27.6722722Z,Total file size: 2.82M bytes,,0
	2025-09-14T04:09:27.8229693Z,Total transferred file size: 2.82M bytes,,0
	2025-09-14T04:09:27.8920348Z,Literal data: 2.82M bytes,,0
	2025-09-14T04:09:28.0526629Z,Matched data: 0 bytes,,0
	2025-09-14T04:09:28.1127789Z,File list size: 0,,0
	2025-09-14T04:09:28.2152140Z,File list generation time: 0.001 seconds,,0
	2025-09-14T04:09:28.2661352Z,File list transfer time: 0.000 seconds,,0
	2025-09-14T04:09:28.4644073Z,Total bytes sent: 945.23K,,0
	2025-09-14T04:09:28.5143077Z,Total bytes received: 92,,0
	2025-09-14T04:09:28.5848381Z,,,0
	2025-09-14T04:09:28.6245871Z,sent 945.23K bytes  received 92 bytes  378.13K bytes/sec,,0
	2025-09-14T04:09:28.6748634Z,total size is 2.82M  speedup is 2.98,,0
	2025-09-14T04:09:28.7862948Z,Attempt 1: Rsync for filelist /tmp//splits/split.ah completed with exit code 0,,0
	2025-09-14T04:09:28.8675969Z,,,0
	2025-09-14T04:09:28.9165159Z,Number of files: 12 (reg: 12),,0
	2025-09-14T04:09:28.9977759Z,Number of created files: 12 (reg: 12),,0
	2025-09-14T04:09:29.0499726Z,Number of deleted files: 0,,0
	2025-09-14T04:09:29.1388101Z,Number of regular files transferred: 12,,0
	2025-09-14T04:09:29.2491194Z,Total file size: 1.73M bytes,,0
	2025-09-14T04:09:29.2882501Z,Total transferred file size: 1.73M bytes,,0
	2025-09-14T04:09:29.3490322Z,Literal data: 1.73M bytes,,0
	2025-09-14T04:09:29.4595013Z,Matched data: 0 bytes,,0
	2025-09-14T04:09:29.6018025Z,File list size: 0,,0
	2025-09-14T04:09:29.6933450Z,File list generation time: 0.002 seconds,,0
	2025-09-14T04:09:29.7810820Z,File list transfer time: 0.000 seconds,,0
	2025-09-14T04:09:29.9143849Z,Total bytes sent: 647.87K,,0
	2025-09-14T04:09:30.1037310Z,Total bytes received: 244,,0
	2025-09-14T04:09:30.2357219Z,,,0
	2025-09-14T04:09:30.2866538Z,sent 647.87K bytes  received 244 bytes  144.03K bytes/sec,,0
	2025-09-14T04:09:30.3645332Z,total size is 1.73M  speedup is 2.67,,0
	2025-09-14T04:09:30.4251180Z,Attempt 1: Rsync for filelist /tmp//splits/split.ac completed with exit code 0,,0
	2025-09-14T04:09:30.6480092Z,,,0
	2025-09-14T04:09:30.6957798Z,Number of files: 12 (reg: 12),,0
	2025-09-14T04:09:30.7278818Z,Number of created files: 12 (reg: 12),,0
	2025-09-14T04:09:30.7987241Z,Number of deleted files: 0,,0
	2025-09-14T04:09:30.8982115Z,Number of regular files transferred: 12,,0
	2025-09-14T04:09:31.0100696Z,Total file size: 2.34M bytes,,0
	2025-09-14T04:09:31.1894022Z,Total transferred file size: 2.34M bytes,,0
	2025-09-14T04:09:31.2901716Z,Literal data: 2.34M bytes,,0
	2025-09-14T04:09:31.3601226Z,Matched data: 0 bytes,,0
	2025-09-14T04:09:31.4717375Z,File list size: 0,,0
	2025-09-14T04:09:31.5216513Z,File list generation time: 0.001 seconds,,0
	2025-09-14T04:09:31.6431689Z,File list transfer time: 0.000 seconds,,0
	2025-09-14T04:09:31.8044591Z,Total bytes sent: 850.06K,,0
	2025-09-14T04:09:31.8448176Z,Total bytes received: 244,,0
	2025-09-14T04:09:31.9033436Z,,,0
	2025-09-14T04:09:31.9244070Z,sent 850.06K bytes  received 244 bytes  154.60K bytes/sec,,0
	2025-09-14T04:09:31.9847219Z,total size is 2.34M  speedup is 2.75,,0
	2025-09-14T04:09:32.0241843Z,Attempt 1: Rsync for filelist /tmp//splits/split.ab completed with exit code 0,,0
	2025-09-14T04:09:32.0933296Z,,,0
	2025-09-14T04:09:32.1244360Z,Number of files: 12 (reg: 12),,0
	2025-09-14T04:09:32.1665070Z,Number of created files: 12 (reg: 12),,0
	2025-09-14T04:09:32.2354739Z,Number of deleted files: 0,,0
	2025-09-14T04:09:32.2970878Z,Number of regular files transferred: 12,,0
	2025-09-14T04:09:32.3545160Z,Total file size: 1.51M bytes,,0
	2025-09-14T04:09:32.4255596Z,Total transferred file size: 1.51M bytes,,0
	2025-09-14T04:09:32.4654861Z,Literal data: 1.51M bytes,,0
	2025-09-14T04:09:32.4859040Z,Matched data: 0 bytes,,0
	2025-09-14T04:09:32.5063664Z,File list size: 0,,0
	2025-09-14T04:09:32.5189869Z,File list generation time: 0.007 seconds,,0
	2025-09-14T04:09:32.5415377Z,File list transfer time: 0.000 seconds,,0
	2025-09-14T04:09:32.5654349Z,Total bytes sent: 571.48K,,0
	2025-09-14T04:09:32.5759379Z,Total bytes received: 244,,0
	2025-09-14T04:09:32.5891828Z,,,0
	2025-09-14T04:09:32.6069358Z,sent 571.48K bytes  received 244 bytes  127.05K bytes/sec,,0
	2025-09-14T04:09:32.6165493Z,total size is 1.51M  speedup is 2.63,,0
	2025-09-14T04:09:32.6374544Z,Attempt 1: Rsync for filelist /tmp//splits/split.ag completed with exit code 0,,0
	2025-09-14T04:09:32.6568429Z,,,0
	2025-09-14T04:09:32.6775854Z,Number of files: 15 (reg: 12&comma; dir: 3),,0
	2025-09-14T04:09:32.6889221Z,Number of created files: 14 (reg: 12&comma; dir: 2),,0
	2025-09-14T04:09:32.7490700Z,Number of deleted files: 0,,0
	2025-09-14T04:09:32.7970565Z,Number of regular files transferred: 12,,0
	2025-09-14T04:09:32.8485528Z,Total file size: 1.76M bytes,,0
	2025-09-14T04:09:32.8880203Z,Total transferred file size: 1.76M bytes,,0
	2025-09-14T04:09:32.9103262Z,Literal data: 1.76M bytes,,0
	2025-09-14T04:09:32.9889126Z,Matched data: 0 bytes,,0
	2025-09-14T04:09:33.0389105Z,File list size: 0,,0
	2025-09-14T04:09:33.0698808Z,File list generation time: 0.001 seconds,,0
	2025-09-14T04:09:33.1085604Z,File list transfer time: 0.000 seconds,,0
	2025-09-14T04:09:33.1314803Z,Total bytes sent: 711.02K,,0
	2025-09-14T04:09:33.2893284Z,Total bytes received: 253,,0
	2025-09-14T04:09:33.3226210Z,,,0
	2025-09-14T04:09:33.4216202Z,sent 711.02K bytes  received 253 bytes  129.32K bytes/sec,,0
	2025-09-14T04:09:33.4830475Z,total size is 1.76M  speedup is 2.47,,0
	2025-09-14T04:09:33.5514451Z,Attempt 1: Rsync for filelist /tmp//splits/split.af completed with exit code 0,,0
	2025-09-14T04:09:33.6330559Z,,,0
	2025-09-14T04:09:33.6717088Z,Number of files: 12 (reg: 12),,0
	2025-09-14T04:09:33.6849082Z,Number of created files: 12 (reg: 12),,0
	2025-09-14T04:09:33.7130710Z,Number of deleted files: 0,,0
	2025-09-14T04:09:33.7339826Z,Number of regular files transferred: 12,,0
	2025-09-14T04:09:33.7545665Z,Total file size: 6.00M bytes,,0
	2025-09-14T04:09:33.7845802Z,Total transferred file size: 6.00M bytes,,0
	2025-09-14T04:09:33.8231754Z,Literal data: 6.00M bytes,,0
	2025-09-14T04:09:33.8441768Z,Matched data: 0 bytes,,0
	2025-09-14T04:09:33.8659346Z,File list size: 0,,0
	2025-09-14T04:09:33.8794443Z,File list generation time: 0.001 seconds,,0
	2025-09-14T04:09:33.8981850Z,File list transfer time: 0.000 seconds,,0
	2025-09-14T04:09:33.9143267Z,Total bytes sent: 1.57M,,0
	2025-09-14T04:09:33.9961161Z,Total bytes received: 244,,0
	2025-09-14T04:09:34.0374027Z,,,0
	2025-09-14T04:09:34.0586770Z,sent 1.57M bytes  received 244 bytes  241.02K bytes/sec,,0
	2025-09-14T04:09:34.0644698Z,total size is 6.00M  speedup is 3.83,,0
	2025-09-14T04:09:34.0962194Z,Attempt 1: Rsync for filelist /tmp//splits/split.ad completed with exit code 0,,0
	2025-09-14T04:09:34.1385941Z,,,0
	2025-09-14T04:09:34.1575713Z,Number of files: 25 (reg: 12&comma; dir: 13),,0
	2025-09-14T04:09:34.1743398Z,Number of created files: 25 (reg: 12&comma; dir: 13),,0
	2025-09-14T04:09:34.2052370Z,Number of deleted files: 0,,0
	2025-09-14T04:09:34.2262591Z,Number of regular files transferred: 12,,0
	2025-09-14T04:09:34.2585252Z,Total file size: 5.70M bytes,,0
	2025-09-14T04:09:34.2775240Z,Total transferred file size: 5.70M bytes,,0
	2025-09-14T04:09:34.3004684Z,Literal data: 5.70M bytes,,0
	2025-09-14T04:09:34.3195283Z,Matched data: 0 bytes,,0
	2025-09-14T04:09:34.3395757Z,File list size: 0,,0
	2025-09-14T04:09:34.3556668Z,File list generation time: 0.001 seconds,,0
	2025-09-14T04:09:34.3706301Z,File list transfer time: 0.000 seconds,,0
	2025-09-14T04:09:34.3956622Z,Total bytes sent: 2.19M,,0
	2025-09-14T04:09:34.4107629Z,Total bytes received: 283,,0
	2025-09-14T04:09:34.4266408Z,,,0
	2025-09-14T04:09:34.4364193Z,sent 2.19M bytes  received 283 bytes  292.30K bytes/sec,,0
	2025-09-14T04:09:34.4493566Z,total size is 5.70M  speedup is 2.60,,0
	2025-09-14T04:09:34.4674839Z,Attempt 1: Rsync for filelist /tmp//splits/split.ae completed with exit code 0,,0
	2025-09-14T04:09:34.4858510Z,Deleting files not present in /tmp/zipdeploy/extracted/ from /home/site/wwwroot/ based on manifest file /opt/Kudu/Scripts/firstDeploymentManifest,,0
	2025-09-14T04:09:34.5070803Z,Number of files deleted: 1. See /tmp//rsync_deletion_logs.txt for more details.,,0
	2025-09-14T04:09:34.5277249Z,create new manifest file at /home/site/deployments/1f4b49a8-5054-4cdb-b349-e721da25a7aa/manifest,,0
	2025-09-14T04:09:34.5486070Z,Completed successfully in 9 seconds,,0
2025-09-14T04:09:34.7461169Z,Running post deployment command(s)...,748eefcd-8011-401e-b2f7-5b3bfaa5c961,0
2025-09-14T04:09:34.9050080Z,Triggering recycle (preview mode disabled).,3c5c13d2-b953-49b9-a419-5be3c1e1745f,0
2025-09-14T04:09:35.1885242Z,Deployment successful. deployer = GITHUB_ZIP_DEPLOY deploymentPath = ZipDeploy. Extract zip.,bb8a37ed-95cb-422c-b752-b9e1d0c04318,0
