2025-09-14T10:57:08.7546748Z,Updating submodules.,4dd24369-0b55-4315-8654-26af59c0a1dc,0
2025-09-14T10:57:10.1816215Z,Preparing deployment for commit id '8e37dc1a-0'.,370549be-6b5e-4b53-a96e-1fe082ff60db,0
2025-09-14T10:57:10.8239832Z,PreDeployment: context.CleanOutputPath False,fc5707e4-436d-4b3b-8360-377574794f3a,0
2025-09-14T10:57:11.2064157Z,PreDeployment: context.OutputPath /home/site/wwwroot,3688c480-c4db-49a3-8d54-248bbb883a9c,0
2025-09-14T10:57:12.7755556Z,Generating deployment script.,9da1438b-da5f-4ada-961e-452ba317bb17,0
2025-09-14T10:57:13.1674480Z,Running deployment command...,ac6eb4ca-fe91-449d-992e-74cf3897c2a0,0
	2025-09-14T10:57:13.2173226Z,Command: /opt/Kudu/Scripts/parallel_rsync.sh /tmp/zipdeploy/extracted /home/site/wwwroot 8 /tmp/ False True  ,,0
	2025-09-14T10:57:13.6580557Z,Run rsync from: /tmp/zipdeploy/extracted/ to: /home/site/wwwroot/ in 8 parallel threads,,0
	2025-09-14T10:57:13.7192947Z,Delete options: clean=False&comma; use manifest=True&comma; directory to ignore=,,0
	2025-09-14T10:57:13.7987428Z,Prev manifest = /home/site/deployments/c1814c8b-9054-40b5-92b6-99d098aad8a8/manifest and next /home/site/deployments/8e37dc1a-000e-4ae4-bb22-bd9377b681ca/manifest,,0
	2025-09-14T10:57:13.8910834Z,Cleaning up /tmp//filelist.txt and /tmp//splits,,0
	2025-09-14T10:57:14.1333377Z,Creating a list of all files at /tmp//filelist.txt,,0
	2025-09-14T10:57:14.2826946Z,No directory to exclude.,,0
	2025-09-14T10:57:14.5151227Z,Created /tmp//filelist.txt. Total number of files to be synced = 88.,,0
	2025-09-14T10:57:14.8464270Z,Created batches from the list of files. Processing 12 files in each thread,,0
	2025-09-14T10:57:14.9570023Z,Running rsync for filelist /tmp//splits/split.aa from /tmp/zipdeploy/extracted/ to /home/site/wwwroot/,,0
	2025-09-14T10:57:15.1362353Z,Running rsync for filelist /tmp//splits/split.ac from /tmp/zipdeploy/extracted/ to /home/site/wwwroot/,,0
	2025-09-14T10:57:15.3371798Z,Running rsync for filelist /tmp//splits/split.ad from /tmp/zipdeploy/extracted/ to /home/site/wwwroot/,,0
	2025-09-14T10:57:15.4479448Z,Running rsync for filelist /tmp//splits/split.ab from /tmp/zipdeploy/extracted/ to /home/site/wwwroot/,,0
	2025-09-14T10:57:15.5093737Z,Running rsync for filelist /tmp//splits/split.ae from /tmp/zipdeploy/extracted/ to /home/site/wwwroot/,,0
	2025-09-14T10:57:15.7899575Z,Running rsync for filelist /tmp//splits/split.ag from /tmp/zipdeploy/extracted/ to /home/site/wwwroot/,,0
	2025-09-14T10:57:16.0225962Z,Running rsync for filelist /tmp//splits/split.ah from /tmp/zipdeploy/extracted/ to /home/site/wwwroot/,,0
	2025-09-14T10:57:16.2317516Z,Running rsync for filelist /tmp//splits/split.af from /tmp/zipdeploy/extracted/ to /home/site/wwwroot/,,0
	2025-09-14T10:57:16.2827432Z,,,0
	2025-09-14T10:57:16.3735488Z,Number of files: 12 (reg: 12),,0
	2025-09-14T10:57:16.5151952Z,Number of created files: 0,,0
	2025-09-14T10:57:16.5554982Z,Number of deleted files: 0,,0
	2025-09-14T10:57:16.7450014Z,Number of regular files transferred: 1,,0
	2025-09-14T10:57:16.8745250Z,Total file size: 6.00M bytes,,0
	2025-09-14T10:57:16.9156626Z,Total transferred file size: 22.04K bytes,,0
	2025-09-14T10:57:16.9652487Z,Literal data: 22.04K bytes,,0
	2025-09-14T10:57:17.0452492Z,Matched data: 0 bytes,,0
	2025-09-14T10:57:17.0977676Z,File list size: 0,,0
	2025-09-14T10:57:17.1269970Z,File list generation time: 0.001 seconds,,0
	2025-09-14T10:57:17.1482498Z,File list transfer time: 0.000 seconds,,0
	2025-09-14T10:57:17.2256845Z,Total bytes sent: 12.75K,,0
	2025-09-14T10:57:17.3169602Z,Total bytes received: 68,,0
	2025-09-14T10:57:17.5088931Z,,,0
	2025-09-14T10:57:17.6310157Z,sent 12.75K bytes  received 68 bytes  25.64K bytes/sec,,0
	2025-09-14T10:57:17.7696081Z,total size is 6.00M  speedup is 468.25,,0
	2025-09-14T10:57:17.8697330Z,Attempt 1: Rsync for filelist /tmp//splits/split.ad completed with exit code 0,,0
	2025-09-14T10:57:17.9811245Z,,,0
	2025-09-14T10:57:18.0731383Z,Number of files: 12 (reg: 12),,0
	2025-09-14T10:57:18.1326966Z,Number of created files: 0,,0
	2025-09-14T10:57:18.1735364Z,Number of deleted files: 0,,0
	2025-09-14T10:57:18.2409926Z,Number of regular files transferred: 1,,0
	2025-09-14T10:57:18.2925810Z,Total file size: 1.73M bytes,,0
	2025-09-14T10:57:18.3544082Z,Total transferred file size: 76.47K bytes,,0
	2025-09-14T10:57:18.4449339Z,Literal data: 76.47K bytes,,0
	2025-09-14T10:57:18.5425870Z,Matched data: 0 bytes,,0
	2025-09-14T10:57:18.6150654Z,File list size: 0,,0
	2025-09-14T10:57:18.6541030Z,File list generation time: 0.030 seconds,,0
	2025-09-14T10:57:18.6851903Z,File list transfer time: 0.000 seconds,,0
	2025-09-14T10:57:18.7839035Z,Total bytes sent: 15.80K,,0
	2025-09-14T10:57:18.8262385Z,Total bytes received: 68,,0
	2025-09-14T10:57:18.8761591Z,,,0
	2025-09-14T10:57:18.9171834Z,sent 15.80K bytes  received 68 bytes  10.58K bytes/sec,,0
	2025-09-14T10:57:18.9368198Z,total size is 1.73M  speedup is 109.26,,0
	2025-09-14T10:57:18.9747428Z,Attempt 1: Rsync for filelist /tmp//splits/split.ac completed with exit code 0,,0
	2025-09-14T10:57:19.0365577Z,,,0
	2025-09-14T10:57:19.1164188Z,,,0
	2025-09-14T10:57:19.1859422Z,Number of files: 12 (reg: 12),,0
	2025-09-14T10:57:19.2479150Z,Number of files: 4 (reg: 4),,0
	2025-09-14T10:57:19.3191132Z,Number of created files: 0,,0
	2025-09-14T10:57:19.4088526Z,Number of deleted files: 0,,0
	2025-09-14T10:57:19.5393881Z,Number of regular files transferred: 2,,0
	2025-09-14T10:57:19.6405915Z,Total file size: 2.34M bytes,,0
	2025-09-14T10:57:19.7091401Z,Number of created files: 0,,0
	2025-09-14T10:57:19.7990812Z,Total transferred file size: 988 bytes,,0
	2025-09-14T10:57:19.8194456Z,Number of deleted files: 0,,0
	2025-09-14T10:57:19.8346884Z,Literal data: 988 bytes,,0
	2025-09-14T10:57:19.8597546Z,Number of regular files transferred: 1,,0
	2025-09-14T10:57:19.9423485Z,Matched data: 0 bytes,,0
	2025-09-14T10:57:20.0402429Z,Total file size: 2.82M bytes,,0
	2025-09-14T10:57:20.1103887Z,File list size: 0,,0
	2025-09-14T10:57:20.1507142Z,Total transferred file size: 527 bytes,,0
	2025-09-14T10:57:20.1927503Z,File list generation time: 0.019 seconds,,0
	2025-09-14T10:57:20.3223582Z,Literal data: 527 bytes,,0
	2025-09-14T10:57:20.4937165Z,File list transfer time: 0.000 seconds,,0
	2025-09-14T10:57:20.6436835Z,Matched data: 0 bytes,,0
	2025-09-14T10:57:20.7151247Z,File list size: 0,,0
	2025-09-14T10:57:20.8753850Z,Total bytes sent: 1.16K,,0
	2025-09-14T10:57:20.9561394Z,File list generation time: 0.001 seconds,,0
	2025-09-14T10:57:21.1277477Z,Total bytes received: 84,,0
	2025-09-14T10:57:21.1975234Z,,,0
	2025-09-14T10:57:21.2867099Z,sent 1.16K bytes  received 84 bytes  826.67 bytes/sec,,0
	2025-09-14T10:57:21.4689971Z,File list transfer time: 0.000 seconds,,0
	2025-09-14T10:57:21.5993846Z,total size is 2.34M  speedup is 1&comma;886.55,,0
	2025-09-14T10:57:21.8094126Z,Total bytes sent: 661,,0
	2025-09-14T10:57:21.8906193Z,Total bytes received: 44,,0
	2025-09-14T10:57:22.0020308Z,,,0
	2025-09-14T10:57:22.0408318Z,sent 661 bytes  received 44 bytes  470.00 bytes/sec,,0
	2025-09-14T10:57:22.0632142Z,total size is 2.82M  speedup is 4&comma;002.06,,0
	2025-09-14T10:57:22.1032433Z,Attempt 1: Rsync for filelist /tmp//splits/split.ah completed with exit code 0,,0
	2025-09-14T10:57:22.1442705Z,Attempt 1: Rsync for filelist /tmp//splits/split.ab completed with exit code 0,,0
	2025-09-14T10:57:22.1926560Z,,,0
	2025-09-14T10:57:22.2324878Z,Number of files: 12 (reg: 12),,0
	2025-09-14T10:57:22.2653672Z,Number of created files: 0,,0
	2025-09-14T10:57:22.3040829Z,Number of deleted files: 0,,0
	2025-09-14T10:57:22.3660707Z,Number of regular files transferred: 2,,0
	2025-09-14T10:57:22.4734217Z,Total file size: 1.51M bytes,,0
	2025-09-14T10:57:22.4952293Z,Total transferred file size: 142.85K bytes,,0
	2025-09-14T10:57:22.5442868Z,Literal data: 142.85K bytes,,0
	2025-09-14T10:57:22.6040385Z,Matched data: 0 bytes,,0
	2025-09-14T10:57:22.6570889Z,File list size: 0,,0
	2025-09-14T10:57:22.7446104Z,File list generation time: 0.009 seconds,,0
	2025-09-14T10:57:22.7670689Z,File list transfer time: 0.000 seconds,,0
	2025-09-14T10:57:22.7975254Z,Total bytes sent: 46.01K,,0
	2025-09-14T10:57:22.8267732Z,Total bytes received: 84,,0
	2025-09-14T10:57:22.8679844Z,,,0
	2025-09-14T10:57:22.8872642Z,sent 46.01K bytes  received 84 bytes  30.73K bytes/sec,,0
	2025-09-14T10:57:22.9276255Z,total size is 1.51M  speedup is 32.66,,0
	2025-09-14T10:57:22.9862001Z,Attempt 1: Rsync for filelist /tmp//splits/split.ag completed with exit code 0,,0
	2025-09-14T10:57:23.0563880Z,,,0
	2025-09-14T10:57:23.0794798Z,Number of files: 15 (reg: 12&comma; dir: 3),,0
	2025-09-14T10:57:23.1087318Z,Number of created files: 0,,0
	2025-09-14T10:57:23.1592383Z,Number of deleted files: 0,,0
	2025-09-14T10:57:23.2172957Z,Number of regular files transferred: 1,,0
	2025-09-14T10:57:23.2580641Z,Total file size: 1.76M bytes,,0
	2025-09-14T10:57:23.3885732Z,Total transferred file size: 492 bytes,,0
	2025-09-14T10:57:23.4205350Z,Literal data: 492 bytes,,0
	2025-09-14T10:57:23.4887957Z,Matched data: 0 bytes,,0
	2025-09-14T10:57:23.5320003Z,File list size: 0,,0
	2025-09-14T10:57:23.5717972Z,File list generation time: 0.010 seconds,,0
	2025-09-14T10:57:23.6022746Z,File list transfer time: 0.000 seconds,,0
	2025-09-14T10:57:23.6321160Z,Total bytes sent: 1.02K,,0
	2025-09-14T10:57:23.7413534Z,Total bytes received: 77,,0
	2025-09-14T10:57:23.7809885Z,,,0
	2025-09-14T10:57:23.8420892Z,sent 1.02K bytes  received 77 bytes  733.33 bytes/sec,,0
	2025-09-14T10:57:24.0526553Z,total size is 1.76M  speedup is 1&comma;598.89,,0
	2025-09-14T10:57:24.2638464Z,Attempt 1: Rsync for filelist /tmp//splits/split.af completed with exit code 0,,0
	2025-09-14T10:57:24.5463912Z,,,0
	2025-09-14T10:57:24.6651646Z,Number of files: 12 (reg: 12),,0
	2025-09-14T10:57:24.7154492Z,Number of created files: 0,,0
	2025-09-14T10:57:24.7557721Z,Number of deleted files: 0,,0
	2025-09-14T10:57:24.8063921Z,Number of regular files transferred: 3,,0
	2025-09-14T10:57:24.8472243Z,Total file size: 921.56K bytes,,0
	2025-09-14T10:57:24.8881178Z,Total transferred file size: 121.51K bytes,,0
	2025-09-14T10:57:24.9182730Z,Literal data: 121.51K bytes,,0
	2025-09-14T10:57:24.9594214Z,Matched data: 0 bytes,,0
	2025-09-14T10:57:25.0178405Z,File list size: 0,,0
	2025-09-14T10:57:25.0477495Z,File list generation time: 0.107 seconds,,0
	2025-09-14T10:57:25.1075145Z,File list transfer time: 0.000 seconds,,0
	2025-09-14T10:57:25.1398279Z,Total bytes sent: 56.66K,,0
	2025-09-14T10:57:25.1697617Z,Total bytes received: 100,,0
	2025-09-14T10:57:25.2389487Z,,,0
	2025-09-14T10:57:25.2772239Z,sent 56.66K bytes  received 100 bytes  37.84K bytes/sec,,0
	2025-09-14T10:57:25.3287015Z,total size is 921.56K  speedup is 16.24,,0
	2025-09-14T10:57:25.3602392Z,Attempt 1: Rsync for filelist /tmp//splits/split.aa completed with exit code 0,,0
	2025-09-14T10:57:25.4208944Z,,,0
	2025-09-14T10:57:25.4704070Z,Number of files: 25 (reg: 12&comma; dir: 13),,0
	2025-09-14T10:57:25.4986100Z,Number of created files: 0,,0
	2025-09-14T10:57:25.5392228Z,Number of deleted files: 0,,0
	2025-09-14T10:57:25.5912994Z,Number of regular files transferred: 0,,0
	2025-09-14T10:57:25.7999287Z,Total file size: 5.70M bytes,,0
	2025-09-14T10:57:25.9004816Z,Total transferred file size: 0 bytes,,0
	2025-09-14T10:57:25.9820897Z,Literal data: 0 bytes,,0
	2025-09-14T10:57:26.1533624Z,Matched data: 0 bytes,,0
	2025-09-14T10:57:26.3535819Z,File list size: 0,,0
	2025-09-14T10:57:26.4565424Z,File list generation time: 0.020 seconds,,0
	2025-09-14T10:57:26.5365983Z,File list transfer time: 0.000 seconds,,0
	2025-09-14T10:57:26.5858964Z,Total bytes sent: 907,,0
	2025-09-14T10:57:26.6663725Z,Total bytes received: 91,,0
	2025-09-14T10:57:26.7568707Z,,,0
	2025-09-14T10:57:26.8378478Z,sent 907 bytes  received 91 bytes  399.20 bytes/sec,,0
	2025-09-14T10:57:26.9189384Z,total size is 5.70M  speedup is 5&comma;712.62,,0
	2025-09-14T10:57:26.9784660Z,Attempt 1: Rsync for filelist /tmp//splits/split.ae completed with exit code 0,,0
	2025-09-14T10:57:27.0196720Z,Deleting files not present in /tmp/zipdeploy/extracted/ from /home/site/wwwroot/ based on manifest file /home/site/deployments/c1814c8b-9054-40b5-92b6-99d098aad8a8/manifest,,0
	2025-09-14T10:57:27.1000024Z,Number of files deleted: 0. See /tmp//rsync_deletion_logs.txt for more details.,,0
	2025-09-14T10:57:27.1608001Z,create new manifest file at /home/site/deployments/8e37dc1a-000e-4ae4-bb22-bd9377b681ca/manifest,,0
	2025-09-14T10:57:27.2495311Z,Completed successfully in 3 seconds,,0
2025-09-14T10:57:28.0022084Z,Running post deployment command(s)...,ea5e2d2d-745f-4d74-bb07-cc3e6df6ec1e,0
2025-09-14T10:57:28.4041777Z,Triggering recycle (preview mode disabled).,f2fb335b-1589-4d3f-b619-32b5901c365b,0
2025-09-14T10:57:29.1800822Z,Deployment successful. deployer = GITHUB_ZIP_DEPLOY deploymentPath = ZipDeploy. Extract zip.,6dc842ec-53f3-4c5a-b9b0-c0b6c45065cb,0
