2025-09-14T04:34:52.9712969Z,Updating submodules.,2e7d004c-6f70-4194-8a8b-54da7a48779d,0
2025-09-14T04:34:54.9978587Z,Preparing deployment for commit id '87dc6000-c'.,5aed150e-0be5-4d5b-aadb-4b04c8d5cea5,0
2025-09-14T04:34:55.8990367Z,PreDeployment: context.CleanOutputPath False,f38609af-df11-456b-aebe-f07ccbd01be8,0
2025-09-14T04:34:56.1268770Z,PreDeployment: context.OutputPath /home/site/wwwroot,0159c417-eb40-497f-a1ce-2c8fd966be5d,0
2025-09-14T04:34:56.3383302Z,Generating deployment script.,dc4bf9a2-cc1c-4a2a-951d-f4df434e31ee,0
2025-09-14T04:34:56.5916248Z,Running deployment command...,9be5b8df-7552-40e5-a84f-a1f8eb01552f,0
	2025-09-14T04:34:56.6391570Z,Command: /opt/Kudu/Scripts/parallel_rsync.sh /tmp/zipdeploy/extracted /home/site/wwwroot 8 /tmp/ False True  ,,0
	2025-09-14T04:34:57.0313465Z,Run rsync from: /tmp/zipdeploy/extracted/ to: /home/site/wwwroot/ in 8 parallel threads,,0
	2025-09-14T04:34:57.1713202Z,Delete options: clean=False&comma; use manifest=True&comma; directory to ignore=,,0
	2025-09-14T04:34:57.2626269Z,Prev manifest = /home/site/deployments/1f4b49a8-5054-4cdb-b349-e721da25a7aa/manifest and next /home/site/deployments/87dc6000-c524-4072-87c4-1e9e6985fa16/manifest,,0
	2025-09-14T04:34:57.3451994Z,Cleaning up /tmp//filelist.txt and /tmp//splits,,0
	2025-09-14T04:34:57.4854782Z,Creating a list of all files at /tmp//filelist.txt,,0
	2025-09-14T04:34:57.5541418Z,No directory to exclude.,,0
	2025-09-14T04:34:57.6640654Z,Created /tmp//filelist.txt. Total number of files to be synced = 88.,,0
	2025-09-14T04:34:57.8570275Z,Created batches from the list of files. Processing 12 files in each thread,,0
	2025-09-14T04:34:57.9362622Z,Running rsync for filelist /tmp//splits/split.aa from /tmp/zipdeploy/extracted/ to /home/site/wwwroot/,,0
	2025-09-14T04:34:58.1073059Z,Running rsync for filelist /tmp//splits/split.ab from /tmp/zipdeploy/extracted/ to /home/site/wwwroot/,,0
	2025-09-14T04:34:58.4177683Z,Running rsync for filelist /tmp//splits/split.ae from /tmp/zipdeploy/extracted/ to /home/site/wwwroot/,,0
	2025-09-14T04:34:58.6195584Z,Running rsync for filelist /tmp//splits/split.ac from /tmp/zipdeploy/extracted/ to /home/site/wwwroot/,,0
	2025-09-14T04:34:58.7220342Z,Running rsync for filelist /tmp//splits/split.ad from /tmp/zipdeploy/extracted/ to /home/site/wwwroot/,,0
	2025-09-14T04:34:58.8500024Z,Running rsync for filelist /tmp//splits/split.af from /tmp/zipdeploy/extracted/ to /home/site/wwwroot/,,0
	2025-09-14T04:34:59.1420845Z,Running rsync for filelist /tmp//splits/split.ag from /tmp/zipdeploy/extracted/ to /home/site/wwwroot/,,0
	2025-09-14T04:34:59.4653409Z,Running rsync for filelist /tmp//splits/split.ah from /tmp/zipdeploy/extracted/ to /home/site/wwwroot/,,0
	2025-09-14T04:34:59.6267212Z,,,0
	2025-09-14T04:35:00.2104578Z,Number of files: 12 (reg: 12),,0
	2025-09-14T04:35:00.2906862Z,Number of created files: 0,,0
	2025-09-14T04:35:00.4180666Z,Number of deleted files: 0,,0
	2025-09-14T04:35:00.6520815Z,Number of regular files transferred: 2,,0
	2025-09-14T04:35:00.8302481Z,Total file size: 2.34M bytes,,0
	2025-09-14T04:35:00.8807405Z,Total transferred file size: 988 bytes,,0
	2025-09-14T04:35:00.9836964Z,Literal data: 988 bytes,,0
	2025-09-14T04:35:01.2042020Z,Matched data: 0 bytes,,0
	2025-09-14T04:35:01.3129297Z,File list size: 0,,0
	2025-09-14T04:35:01.4332586Z,File list generation time: 0.222 seconds,,0
	2025-09-14T04:35:01.5154832Z,File list transfer time: 0.000 seconds,,0
	2025-09-14T04:35:01.5934268Z,Total bytes sent: 1.16K,,0
	2025-09-14T04:35:01.7258915Z,Total bytes received: 84,,0
	2025-09-14T04:35:02.0153829Z,,,0
	2025-09-14T04:35:02.2281942Z,sent 1.16K bytes  received 84 bytes  496.00 bytes/sec,,0
	2025-09-14T04:35:02.3785316Z,total size is 2.34M  speedup is 1&comma;886.55,,0
	2025-09-14T04:35:02.4695238Z,Attempt 1: Rsync for filelist /tmp//splits/split.ab completed with exit code 0,,0
	2025-09-14T04:35:02.6100815Z,,,0
	2025-09-14T04:35:02.6604206Z,Number of files: 15 (reg: 12&comma; dir: 3),,0
	2025-09-14T04:35:02.7208688Z,Number of created files: 0,,0
	2025-09-14T04:35:02.8702185Z,Number of deleted files: 0,,0
	2025-09-14T04:35:03.2652257Z,Number of regular files transferred: 1,,0
	2025-09-14T04:35:03.3855425Z,Total file size: 1.76M bytes,,0
	2025-09-14T04:35:03.4245845Z,Total transferred file size: 492 bytes,,0
	2025-09-14T04:35:03.6250689Z,Literal data: 492 bytes,,0
	2025-09-14T04:35:04.1672264Z,Matched data: 0 bytes,,0
	2025-09-14T04:35:04.2676541Z,File list size: 0,,0
	2025-09-14T04:35:04.3707581Z,File list generation time: 0.021 seconds,,0
	2025-09-14T04:35:04.4799490Z,File list transfer time: 0.000 seconds,,0
	2025-09-14T04:35:04.5221359Z,Total bytes sent: 1.03K,,0
	2025-09-14T04:35:04.6110106Z,Total bytes received: 77,,0
	2025-09-14T04:35:04.7715192Z,,,0
	2025-09-14T04:35:04.8624395Z,sent 1.03K bytes  received 77 bytes  442.40 bytes/sec,,0
	2025-09-14T04:35:05.0932548Z,total size is 1.76M  speedup is 1&comma;590.22,,0
	2025-09-14T04:35:05.2139037Z,Attempt 1: Rsync for filelist /tmp//splits/split.af completed with exit code 0,,0
	2025-09-14T04:35:05.4246781Z,,,0
	2025-09-14T04:35:05.5678523Z,Number of files: 12 (reg: 12),,0
	2025-09-14T04:35:05.7757908Z,Number of created files: 0,,0
	2025-09-14T04:35:05.9174035Z,Number of deleted files: 0,,0
	2025-09-14T04:35:06.0394423Z,Number of regular files transferred: 3,,0
	2025-09-14T04:35:06.1105652Z,Total file size: 921.55K bytes,,0
	2025-09-14T04:35:06.1697845Z,Total transferred file size: 121.50K bytes,,0
	2025-09-14T04:35:06.1998942Z,Literal data: 121.50K bytes,,0
	2025-09-14T04:35:06.2385443Z,Matched data: 0 bytes,,0
	2025-09-14T04:35:06.2791035Z,File list size: 0,,0
	2025-09-14T04:35:06.3297528Z,File list generation time: 0.341 seconds,,0
	2025-09-14T04:35:06.3514038Z,File list transfer time: 0.000 seconds,,0
	2025-09-14T04:35:06.3726389Z,Total bytes sent: 56.66K,,0
	2025-09-14T04:35:06.3988885Z,Total bytes received: 100,,0
	2025-09-14T04:35:06.4194227Z,,,0
	2025-09-14T04:35:06.4398095Z,sent 56.66K bytes  received 100 bytes  22.70K bytes/sec,,0
	2025-09-14T04:35:06.4598750Z,total size is 921.55K  speedup is 16.24,,0
	2025-09-14T04:35:06.5319109Z,Attempt 1: Rsync for filelist /tmp//splits/split.aa completed with exit code 0,,0
	2025-09-14T04:35:06.5626763Z,,,0
	2025-09-14T04:35:06.6226486Z,Number of files: 12 (reg: 12),,0
	2025-09-14T04:35:06.6804578Z,Number of created files: 0,,0
	2025-09-14T04:35:06.7138209Z,Number of deleted files: 0,,0
	2025-09-14T04:35:06.8011239Z,Number of regular files transferred: 1,,0
	2025-09-14T04:35:06.8817121Z,Total file size: 1.73M bytes,,0
	2025-09-14T04:35:06.9318789Z,Total transferred file size: 76.47K bytes,,0
	2025-09-14T04:35:07.0325079Z,Literal data: 76.47K bytes,,0
	2025-09-14T04:35:07.0930365Z,Matched data: 0 bytes,,0
	2025-09-14T04:35:07.1236489Z,File list size: 0,,0
	2025-09-14T04:35:07.1662608Z,File list generation time: 0.090 seconds,,0
	2025-09-14T04:35:07.2337492Z,File list transfer time: 0.000 seconds,,0
	2025-09-14T04:35:07.2742421Z,Total bytes sent: 15.80K,,0
	2025-09-14T04:35:07.3252639Z,Total bytes received: 68,,0
	2025-09-14T04:35:07.3671390Z,,,0
	2025-09-14T04:35:07.4146484Z,sent 15.80K bytes  received 68 bytes  6.35K bytes/sec,,0
	2025-09-14T04:35:07.4548333Z,total size is 1.73M  speedup is 109.26,,0
	2025-09-14T04:35:07.4965253Z,Attempt 1: Rsync for filelist /tmp//splits/split.ac completed with exit code 0,,0
	2025-09-14T04:35:07.5471240Z,,,0
	2025-09-14T04:35:07.5874220Z,Number of files: 4 (reg: 4),,0
	2025-09-14T04:35:07.6288119Z,Number of created files: 0,,0
	2025-09-14T04:35:07.6477373Z,Number of deleted files: 0,,0
	2025-09-14T04:35:07.6611715Z,Number of regular files transferred: 1,,0
	2025-09-14T04:35:07.6861546Z,Total file size: 2.82M bytes,,0
	2025-09-14T04:35:07.7000443Z,Total transferred file size: 527 bytes,,0
	2025-09-14T04:35:07.7289578Z,Literal data: 527 bytes,,0
	2025-09-14T04:35:07.7465097Z,Matched data: 0 bytes,,0
	2025-09-14T04:35:07.7808244Z,File list size: 0,,0
	2025-09-14T04:35:07.7912685Z,File list generation time: 0.009 seconds,,0
	2025-09-14T04:35:07.8149444Z,File list transfer time: 0.000 seconds,,0
	2025-09-14T04:35:07.8321524Z,Total bytes sent: 661,,0
	2025-09-14T04:35:07.8586843Z,Total bytes received: 44,,0
	2025-09-14T04:35:07.8700908Z,,,0
	2025-09-14T04:35:07.8814735Z,sent 661 bytes  received 44 bytes  470.00 bytes/sec,,0
	2025-09-14T04:35:07.8930736Z,total size is 2.82M  speedup is 4&comma;002.06,,0
	2025-09-14T04:35:07.9101913Z,Attempt 1: Rsync for filelist /tmp//splits/split.ah completed with exit code 0,,0
	2025-09-14T04:35:07.9508490Z,,,0
	2025-09-14T04:35:08.0524079Z,Number of files: 25 (reg: 12&comma; dir: 13),,0
	2025-09-14T04:35:08.1228744Z,Number of created files: 0,,0
	2025-09-14T04:35:08.1818665Z,Number of deleted files: 0,,0
	2025-09-14T04:35:08.2071960Z,Number of regular files transferred: 0,,0
	2025-09-14T04:35:08.2329657Z,Total file size: 5.70M bytes,,0
	2025-09-14T04:35:08.2837874Z,Total transferred file size: 0 bytes,,0
	2025-09-14T04:35:08.3034802Z,Literal data: 0 bytes,,0
	2025-09-14T04:35:08.3414932Z,Matched data: 0 bytes,,0
	2025-09-14T04:35:08.3710430Z,File list size: 0,,0
	2025-09-14T04:35:08.3933528Z,File list generation time: 0.002 seconds,,0
	2025-09-14T04:35:08.4129886Z,File list transfer time: 0.000 seconds,,0
	2025-09-14T04:35:08.4511414Z,Total bytes sent: 935,,0
	2025-09-14T04:35:08.4649626Z,Total bytes received: 91,,0
	2025-09-14T04:35:08.4764760Z,,,0
	2025-09-14T04:35:08.5058059Z,sent 935 bytes  received 91 bytes  293.14 bytes/sec,,0
	2025-09-14T04:35:08.5330913Z,total size is 5.70M  speedup is 5&comma;556.72,,0
	2025-09-14T04:35:08.5523101Z,,,0
	2025-09-14T04:35:08.5682008Z,Number of files: 12 (reg: 12),,0
	2025-09-14T04:35:08.5791016Z,Number of created files: 0,,0
	2025-09-14T04:35:08.6122407Z,Number of deleted files: 0,,0
	2025-09-14T04:35:08.6276638Z,Number of regular files transferred: 1,,0
	2025-09-14T04:35:08.6453587Z,Total file size: 6.00M bytes,,0
	2025-09-14T04:35:08.6684257Z,Total transferred file size: 22.04K bytes,,0
	2025-09-14T04:35:08.6905649Z,Literal data: 22.04K bytes,,0
	2025-09-14T04:35:08.7183254Z,Matched data: 0 bytes,,0
	2025-09-14T04:35:08.7471874Z,File list size: 0,,0
	2025-09-14T04:35:08.7721592Z,File list generation time: 0.002 seconds,,0
	2025-09-14T04:35:08.7888091Z,File list transfer time: 0.000 seconds,,0
	2025-09-14T04:35:08.8163987Z,Total bytes sent: 12.75K,,0
	2025-09-14T04:35:08.8389972Z,Total bytes received: 68,,0
	2025-09-14T04:35:08.8667351Z,,,0
	2025-09-14T04:35:08.8830342Z,sent 12.75K bytes  received 68 bytes  3.66K bytes/sec,,0
	2025-09-14T04:35:08.8927355Z,total size is 6.00M  speedup is 468.21,,0
	2025-09-14T04:35:08.9117240Z,Attempt 1: Rsync for filelist /tmp//splits/split.ad completed with exit code 0,,0
	2025-09-14T04:35:08.9300483Z,Attempt 1: Rsync for filelist /tmp//splits/split.ae completed with exit code 0,,0
	2025-09-14T04:35:08.9574761Z,,,0
	2025-09-14T04:35:08.9803381Z,Number of files: 12 (reg: 12),,0
	2025-09-14T04:35:09.0580584Z,Number of created files: 0,,0
	2025-09-14T04:35:09.0930079Z,Number of deleted files: 0,,0
	2025-09-14T04:35:09.1212261Z,Number of regular files transferred: 2,,0
	2025-09-14T04:35:09.1495033Z,Total file size: 1.51M bytes,,0
	2025-09-14T04:35:09.1603718Z,Total transferred file size: 142.85K bytes,,0
	2025-09-14T04:35:09.1714336Z,Literal data: 142.85K bytes,,0
	2025-09-14T04:35:09.1781061Z,Matched data: 0 bytes,,0
	2025-09-14T04:35:09.2210752Z,File list size: 0,,0
	2025-09-14T04:35:09.2498448Z,File list generation time: 0.289 seconds,,0
	2025-09-14T04:35:09.2703577Z,File list transfer time: 0.000 seconds,,0
	2025-09-14T04:35:09.2990834Z,Total bytes sent: 45.94K,,0
	2025-09-14T04:35:09.3123371Z,Total bytes received: 84,,0
	2025-09-14T04:35:09.3393037Z,,,0
	2025-09-14T04:35:09.3921048Z,sent 45.94K bytes  received 84 bytes  18.41K bytes/sec,,0
	2025-09-14T04:35:09.4322999Z,total size is 1.51M  speedup is 32.71,,0
	2025-09-14T04:35:09.5225237Z,Attempt 1: Rsync for filelist /tmp//splits/split.ag completed with exit code 0,,0
	2025-09-14T04:35:09.5657612Z,Deleting files not present in /tmp/zipdeploy/extracted/ from /home/site/wwwroot/ based on manifest file /home/site/deployments/1f4b49a8-5054-4cdb-b349-e721da25a7aa/manifest,,0
	2025-09-14T04:35:09.6023469Z,Number of files deleted: 0. See /tmp//rsync_deletion_logs.txt for more details.,,0
	2025-09-14T04:35:09.6233117Z,create new manifest file at /home/site/deployments/87dc6000-c524-4072-87c4-1e9e6985fa16/manifest,,0
	2025-09-14T04:35:09.6525841Z,Completed successfully in 7 seconds,,0
2025-09-14T04:35:09.8515542Z,Running post deployment command(s)...,b8cc26b2-7a39-4ae7-9749-1cc5477f93a7,0
2025-09-14T04:35:10.0413732Z,Triggering recycle (preview mode disabled).,05588ed5-4fa5-469c-b06b-2c5f8421d6e6,0
2025-09-14T04:35:10.3145945Z,Deployment successful. deployer = GITHUB_ZIP_DEPLOY deploymentPath = ZipDeploy. Extract zip.,382a986e-c0bb-4150-8bf0-1da96ba9a958,0
