2025-09-14T10:50:44.1602591Z,Updating submodules.,4ab16c93-554b-47e2-9be4-5af5d2b65747,0
2025-09-14T10:50:46.0104609Z,Preparing deployment for commit id '15a09d4f-a'.,bc7028c0-2c36-4c4a-b623-ceb1cecc5708,0
2025-09-14T10:50:48.4833942Z,PreDeployment: context.CleanOutputPath False,2b4662e5-c463-4da6-b351-4044752751de,0
2025-09-14T10:50:50.9763490Z,PreDeployment: context.OutputPath /home/site/wwwroot,f1630f61-02d8-420b-8f79-eb1645bbb639,0
2025-09-14T10:50:51.4987283Z,Generating deployment script.,57e7f12a-9f0e-48f9-bb58-97f5128da59e,0
2025-09-14T10:50:51.7101026Z,Running deployment command...,255dd3e3-78a8-4ce1-92bf-257d7a3c4021,0
	2025-09-14T10:50:51.7910403Z,Command: /opt/Kudu/Scripts/parallel_rsync.sh /tmp/zipdeploy/extracted /home/site/wwwroot 8 /tmp/ False True  ,,0
	2025-09-14T10:50:52.4050450Z,Run rsync from: /tmp/zipdeploy/extracted/ to: /home/site/wwwroot/ in 8 parallel threads,,0
	2025-09-14T10:50:52.5238368Z,Delete options: clean=False&comma; use manifest=True&comma; directory to ignore=,,0
	2025-09-14T10:50:52.6361782Z,Prev manifest = /home/site/deployments/c1814c8b-9054-40b5-92b6-99d098aad8a8/manifest and next /home/site/deployments/15a09d4f-acab-4799-980d-de68f9e97b37/manifest,,0
	2025-09-14T10:50:52.7540972Z,Cleaning up /tmp//filelist.txt and /tmp//splits,,0
	2025-09-14T10:50:52.9952997Z,Creating a list of all files at /tmp//filelist.txt,,0
	2025-09-14T10:50:53.1661840Z,No directory to exclude.,,0
	2025-09-14T10:50:53.5489081Z,Created /tmp//filelist.txt. Total number of files to be synced = 88.,,0
	2025-09-14T10:50:54.8156979Z,Created batches from the list of files. Processing 12 files in each thread,,0
	2025-09-14T10:50:55.4296046Z,Running rsync for filelist /tmp//splits/split.aa from /tmp/zipdeploy/extracted/ to /home/site/wwwroot/,,0
	2025-09-14T10:50:55.8491878Z,Running rsync for filelist /tmp//splits/split.ab from /tmp/zipdeploy/extracted/ to /home/site/wwwroot/,,0
	2025-09-14T10:50:56.0425846Z,Running rsync for filelist /tmp//splits/split.ad from /tmp/zipdeploy/extracted/ to /home/site/wwwroot/,,0
	2025-09-14T10:50:56.6746310Z,Running rsync for filelist /tmp//splits/split.ac from /tmp/zipdeploy/extracted/ to /home/site/wwwroot/,,0
	2025-09-14T10:50:57.3195747Z,Running rsync for filelist /tmp//splits/split.ae from /tmp/zipdeploy/extracted/ to /home/site/wwwroot/,,0
	2025-09-14T10:50:57.5897874Z,Running rsync for filelist /tmp//splits/split.af from /tmp/zipdeploy/extracted/ to /home/site/wwwroot/,,0
	2025-09-14T10:50:58.1520658Z,Running rsync for filelist /tmp//splits/split.ag from /tmp/zipdeploy/extracted/ to /home/site/wwwroot/,,0
	2025-09-14T10:50:58.7754933Z,Running rsync for filelist /tmp//splits/split.ah from /tmp/zipdeploy/extracted/ to /home/site/wwwroot/,,0
	2025-09-14T10:50:59.0455316Z,,,0
	2025-09-14T10:50:59.2487831Z,Number of files: 12 (reg: 12),,0
	2025-09-14T10:50:59.3789184Z,Number of created files: 0,,0
	2025-09-14T10:50:59.5004105Z,Number of deleted files: 0,,0
	2025-09-14T10:50:59.7115561Z,Number of regular files transferred: 1,,0
	2025-09-14T10:50:59.7808982Z,Total file size: 6.00M bytes,,0
	2025-09-14T10:50:59.9926964Z,Total transferred file size: 22.04K bytes,,0
	2025-09-14T10:51:00.1843524Z,Literal data: 22.04K bytes,,0
	2025-09-14T10:51:00.3148954Z,Matched data: 0 bytes,,0
	2025-09-14T10:51:06.3958620Z,File list size: 0,,0
	2025-09-14T10:51:06.6076820Z,File list generation time: 0.081 seconds,,0
	2025-09-14T10:51:06.7385020Z,File list transfer time: 0.000 seconds,,0
	2025-09-14T10:51:06.8278099Z,Total bytes sent: 12.75K,,0
	2025-09-14T10:51:06.8797108Z,Total bytes received: 68,,0
	2025-09-14T10:51:06.9405547Z,,,0
	2025-09-14T10:51:07.0584292Z,sent 12.75K bytes  received 68 bytes  3.66K bytes/sec,,0
	2025-09-14T10:51:07.1509964Z,total size is 6.00M  speedup is 468.28,,0
	2025-09-14T10:51:07.2209698Z,Attempt 1: Rsync for filelist /tmp//splits/split.ad completed with exit code 0,,0
	2025-09-14T10:51:07.2711259Z,,,0
	2025-09-14T10:51:07.3313655Z,Number of files: 12 (reg: 12),,0
	2025-09-14T10:51:07.3606715Z,Number of created files: 0,,0
	2025-09-14T10:51:07.4132704Z,Number of deleted files: 0,,0
	2025-09-14T10:51:07.4921113Z,Number of regular files transferred: 3,,0
	2025-09-14T10:51:07.5335534Z,Total file size: 921.56K bytes,,0
	2025-09-14T10:51:07.5820869Z,Total transferred file size: 121.51K bytes,,0
	2025-09-14T10:51:07.6528227Z,Literal data: 121.51K bytes,,0
	2025-09-14T10:51:07.7141795Z,Matched data: 0 bytes,,0
	2025-09-14T10:51:07.8344691Z,File list size: 0,,0
	2025-09-14T10:51:07.8857316Z,File list generation time: 0.008 seconds,,0
	2025-09-14T10:51:07.9748599Z,File list transfer time: 0.000 seconds,,0
	2025-09-14T10:51:08.0954771Z,Total bytes sent: 56.66K,,0
	2025-09-14T10:51:08.1241745Z,Total bytes received: 100,,0
	2025-09-14T10:51:08.1373150Z,,,0
	2025-09-14T10:51:08.1945947Z,sent 56.66K bytes  received 100 bytes  12.61K bytes/sec,,0
	2025-09-14T10:51:08.2863076Z,total size is 921.56K  speedup is 16.24,,0
	2025-09-14T10:51:08.4065133Z,,,0
	2025-09-14T10:51:08.5268590Z,Number of files: 12 (reg: 12),,0
	2025-09-14T10:51:08.5686720Z,Number of created files: 0,,0
	2025-09-14T10:51:08.5989232Z,Number of deleted files: 0,,0
	2025-09-14T10:51:08.6476471Z,Number of regular files transferred: 2,,0
	2025-09-14T10:51:08.7695523Z,Total file size: 2.34M bytes,,0
	2025-09-14T10:51:08.8681068Z,Total transferred file size: 988 bytes,,0
	2025-09-14T10:51:09.0614653Z,Literal data: 988 bytes,,0
	2025-09-14T10:51:09.1521921Z,Matched data: 0 bytes,,0
	2025-09-14T10:51:09.2404591Z,File list size: 0,,0
	2025-09-14T10:51:09.3435871Z,File list generation time: 0.001 seconds,,0
	2025-09-14T10:51:09.5122165Z,File list transfer time: 0.000 seconds,,0
	2025-09-14T10:51:09.6132271Z,Total bytes sent: 1.16K,,0
	2025-09-14T10:51:09.7328696Z,Total bytes received: 84,,0
	2025-09-14T10:51:09.8657631Z,,,0
	2025-09-14T10:51:09.9235183Z,sent 1.16K bytes  received 84 bytes  496.00 bytes/sec,,0
	2025-09-14T10:51:10.0358301Z,total size is 2.34M  speedup is 1&comma;886.55,,0
	2025-09-14T10:51:10.0863454Z,Attempt 1: Rsync for filelist /tmp//splits/split.ab completed with exit code 0,,0
	2025-09-14T10:51:10.1179619Z,Attempt 1: Rsync for filelist /tmp//splits/split.aa completed with exit code 0,,0
	2025-09-14T10:51:10.1961635Z,,,0
	2025-09-14T10:51:10.2683577Z,Number of files: 4 (reg: 4),,0
	2025-09-14T10:51:10.3179939Z,Number of created files: 0,,0
	2025-09-14T10:51:10.3592541Z,Number of deleted files: 0,,0
	2025-09-14T10:51:10.3891998Z,Number of regular files transferred: 1,,0
	2025-09-14T10:51:10.4470243Z,Total file size: 2.82M bytes,,0
	2025-09-14T10:51:10.5001503Z,Total transferred file size: 527 bytes,,0
	2025-09-14T10:51:10.5575349Z,Literal data: 527 bytes,,0
	2025-09-14T10:51:10.6201714Z,Matched data: 0 bytes,,0
	2025-09-14T10:51:10.6693286Z,File list size: 0,,0
	2025-09-14T10:51:10.7189777Z,File list generation time: 0.001 seconds,,0
	2025-09-14T10:51:10.7590999Z,File list transfer time: 0.000 seconds,,0
	2025-09-14T10:51:10.8606710Z,Total bytes sent: 661,,0
	2025-09-14T10:51:10.9199738Z,Total bytes received: 44,,0
	2025-09-14T10:51:10.9505575Z,,,0
	2025-09-14T10:51:11.0018586Z,sent 661 bytes  received 44 bytes  282.00 bytes/sec,,0
	2025-09-14T10:51:11.0328053Z,total size is 2.82M  speedup is 4&comma;002.06,,0
	2025-09-14T10:51:11.0820639Z,Attempt 1: Rsync for filelist /tmp//splits/split.ah completed with exit code 0,,0
	2025-09-14T10:51:11.2613220Z,,,0
	2025-09-14T10:51:11.3226258Z,Number of files: 12 (reg: 12),,0
	2025-09-14T10:51:11.3740991Z,Number of created files: 0,,0
	2025-09-14T10:51:11.4932286Z,Number of deleted files: 0,,0
	2025-09-14T10:51:11.5743206Z,Number of regular files transferred: 1,,0
	2025-09-14T10:51:11.6253270Z,Total file size: 1.73M bytes,,0
	2025-09-14T10:51:11.6631313Z,Total transferred file size: 76.47K bytes,,0
	2025-09-14T10:51:11.7250902Z,Literal data: 76.47K bytes,,0
	2025-09-14T10:51:11.7466963Z,Matched data: 0 bytes,,0
	2025-09-14T10:51:11.7763282Z,File list size: 0,,0
	2025-09-14T10:51:11.8255271Z,File list generation time: 0.001 seconds,,0
	2025-09-14T10:51:11.8664869Z,File list transfer time: 0.000 seconds,,0
	2025-09-14T10:51:11.9161572Z,Total bytes sent: 15.80K,,0
	2025-09-14T10:51:11.9847507Z,Total bytes received: 68,,0
	2025-09-14T10:51:12.0580019Z,,,0
	2025-09-14T10:51:12.1271995Z,sent 15.80K bytes  received 68 bytes  4.53K bytes/sec,,0
	2025-09-14T10:51:12.2388598Z,total size is 1.73M  speedup is 109.26,,0
	2025-09-14T10:51:12.2874032Z,Attempt 1: Rsync for filelist /tmp//splits/split.ac completed with exit code 0,,0
	2025-09-14T10:51:12.4380407Z,,,0
	2025-09-14T10:51:12.4981394Z,Number of files: 15 (reg: 12&comma; dir: 3),,0
	2025-09-14T10:51:12.5293671Z,Number of created files: 0,,0
	2025-09-14T10:51:12.5809222Z,Number of deleted files: 0,,0
	2025-09-14T10:51:12.6786082Z,Number of regular files transferred: 1,,0
	2025-09-14T10:51:12.8303345Z,Total file size: 1.76M bytes,,0
	2025-09-14T10:51:12.8896069Z,Total transferred file size: 492 bytes,,0
	2025-09-14T10:51:12.9419705Z,Literal data: 492 bytes,,0
	2025-09-14T10:51:13.0002461Z,Matched data: 0 bytes,,0
	2025-09-14T10:51:13.0514427Z,File list size: 0,,0
	2025-09-14T10:51:13.1206227Z,File list generation time: 0.020 seconds,,0
	2025-09-14T10:51:13.1535876Z,File list transfer time: 0.000 seconds,,0
	2025-09-14T10:51:13.2344969Z,Total bytes sent: 1.03K,,0
	2025-09-14T10:51:13.2742040Z,Total bytes received: 77,,0
	2025-09-14T10:51:13.4140835Z,,,0
	2025-09-14T10:51:13.4354626Z,sent 1.03K bytes  received 77 bytes  315.71 bytes/sec,,0
	2025-09-14T10:51:13.5434771Z,total size is 1.76M  speedup is 1&comma;591.66,,0
	2025-09-14T10:51:13.5960315Z,,,0
	2025-09-14T10:51:13.6541924Z,Number of files: 25 (reg: 12&comma; dir: 13),,0
	2025-09-14T10:51:13.7274057Z,Number of created files: 0,,0
	2025-09-14T10:51:13.7862590Z,Number of deleted files: 0,,0
	2025-09-14T10:51:13.8158475Z,Number of regular files transferred: 0,,0
	2025-09-14T10:51:13.8853621Z,Total file size: 5.70M bytes,,0
	2025-09-14T10:51:13.9273813Z,Total transferred file size: 0 bytes,,0
	2025-09-14T10:51:13.9974742Z,Literal data: 0 bytes,,0
	2025-09-14T10:51:14.0465922Z,Matched data: 0 bytes,,0
	2025-09-14T10:51:14.0986211Z,File list size: 0,,0
	2025-09-14T10:51:14.1496679Z,File list generation time: 0.391 seconds,,0
	2025-09-14T10:51:14.2101947Z,File list transfer time: 0.000 seconds,,0
	2025-09-14T10:51:14.2872690Z,Total bytes sent: 919,,0
	2025-09-14T10:51:14.3202854Z,Total bytes received: 91,,0
	2025-09-14T10:51:14.3680952Z,,,0
	2025-09-14T10:51:14.4186268Z,sent 919 bytes  received 91 bytes  288.57 bytes/sec,,0
	2025-09-14T10:51:14.4586244Z,total size is 5.70M  speedup is 5&comma;644.74,,0
	2025-09-14T10:51:14.5408494Z,Attempt 1: Rsync for filelist /tmp//splits/split.ae completed with exit code 0,,0
	2025-09-14T10:51:14.5702764Z,Attempt 1: Rsync for filelist /tmp//splits/split.af completed with exit code 0,,0
	2025-09-14T10:51:14.6115585Z,,,0
	2025-09-14T10:51:14.6494605Z,Number of files: 12 (reg: 12),,0
	2025-09-14T10:51:14.7009828Z,Number of created files: 0,,0
	2025-09-14T10:51:14.7317997Z,Number of deleted files: 0,,0
	2025-09-14T10:51:14.7425373Z,Number of regular files transferred: 2,,0
	2025-09-14T10:51:14.7801847Z,Total file size: 1.51M bytes,,0
	2025-09-14T10:51:14.8111484Z,Total transferred file size: 142.85K bytes,,0
	2025-09-14T10:51:14.8420636Z,Literal data: 142.85K bytes,,0
	2025-09-14T10:51:14.8708782Z,Matched data: 0 bytes,,0
	2025-09-14T10:51:14.8825728Z,File list size: 0,,0
	2025-09-14T10:51:14.9032690Z,File list generation time: 0.310 seconds,,0
	2025-09-14T10:51:14.9816463Z,File list transfer time: 0.000 seconds,,0
	2025-09-14T10:51:15.0224580Z,Total bytes sent: 46.02K,,0
	2025-09-14T10:51:15.0530286Z,Total bytes received: 84,,0
	2025-09-14T10:51:15.0826353Z,,,0
	2025-09-14T10:51:15.1117551Z,sent 46.02K bytes  received 84 bytes  10.24K bytes/sec,,0
	2025-09-14T10:51:15.1450742Z,total size is 1.51M  speedup is 32.66,,0
	2025-09-14T10:51:15.1926963Z,Attempt 1: Rsync for filelist /tmp//splits/split.ag completed with exit code 0,,0
	2025-09-14T10:51:15.2046995Z,Deleting files not present in /tmp/zipdeploy/extracted/ from /home/site/wwwroot/ based on manifest file /home/site/deployments/c1814c8b-9054-40b5-92b6-99d098aad8a8/manifest,,0
	2025-09-14T10:51:15.2444344Z,Number of files deleted: 0. See /tmp//rsync_deletion_logs.txt for more details.,,0
	2025-09-14T10:51:15.3537665Z,create new manifest file at /home/site/deployments/15a09d4f-acab-4799-980d-de68f9e97b37/manifest,,0
	2025-09-14T10:51:15.3752125Z,Completed successfully in 8 seconds,,0
2025-09-14T10:51:15.5441236Z,Running post deployment command(s)...,a15e0e1b-e594-44fe-a659-d47d007a504b,0
2025-09-14T10:51:15.7563319Z,Triggering recycle (preview mode disabled).,b9e93051-9add-4a51-b1a4-30a7ffc46ebb,0
2025-09-14T10:51:16.7411941Z,Deployment successful. deployer = GITHUB_ZIP_DEPLOY deploymentPath = ZipDeploy. Extract zip.,fae73370-e532-41b4-bb4a-47cda72da998,0
